<?xml version="1.0" encoding="UTF-8"?>
<robot generator="Robot 5.0.1 (Python 3.10.6 on win32)" generated="20221009 22:18:53.268" rpa="false" schemaversion="3">
<suite id="s1" name="Test" source="C:\Users\Rommel\PycharmProjects\pythonProject\Robot_Framework\test.robot">
<test id="s1-t1" name="Test Open Google" line="19">
<kw name="Open Google">
<kw name="Open Browser" library="SeleniumLibrary">
<arg>${url}</arg>
<arg>${browser}</arg>
<doc>Opens a new browser instance to the optional ``url``.</doc>
<msg timestamp="20221009 22:18:53.440" level="INFO">Opening browser 'Chrome' to base url 'https://www.google.com/'.</msg>
<status status="PASS" starttime="20221009 22:18:53.440" endtime="20221009 22:18:55.367"/>
</kw>
<kw name="Maximize Browser Window" library="SeleniumLibrary">
<doc>Maximizes current browser window.</doc>
<status status="PASS" starttime="20221009 22:18:55.367" endtime="20221009 22:18:55.490"/>
</kw>
<kw name="Close Browser" library="SeleniumLibrary">
<doc>Closes the current browser.</doc>
<status status="PASS" starttime="20221009 22:18:55.490" endtime="20221009 22:18:57.561"/>
</kw>
<status status="PASS" starttime="20221009 22:18:53.440" endtime="20221009 22:18:57.561"/>
</kw>
<status status="PASS" starttime="20221009 22:18:53.440" endtime="20221009 22:18:57.561"/>
</test>
<doc>Test Website</doc>
<status status="PASS" starttime="20221009 22:18:53.268" endtime="20221009 22:18:57.561"/>
</suite>
<statistics>
<total>
<stat pass="1" fail="0" skip="0">All Tests</stat>
</total>
<tag>
</tag>
<suite>
<stat pass="1" fail="0" skip="0" id="s1" name="Test">Test</stat>
</suite>
</statistics>
<errors>
</errors>
</robot>
